# JRE version: OpenJDK Runtime Environment (8.0_202) (build 1.8.0_202-release-1483-b49-5587405)
# Java VM: OpenJDK 64-Bit Server VM (25.202-b49-5587405 mixed mode linux-amd64 compressed oops)
Heap:
 PSYoungGen      total 188928K, used 2856K [0x00000000e0000000, 0x00000000ec700000, 0x0000000100000000)
  eden space 174080K, 0% used [0x00000000e0000000,0x00000000e0000000,0x00000000eaa00000)
  from space 14848K, 19% used [0x00000000eaa00000,0x00000000eacca250,0x00000000eb880000)
  to   space 13312K, 0% used [0x00000000eba00000,0x00000000eba00000,0x00000000ec700000)
 ParOldGen       total 85504K, used 69697K [0x00000000a0000000, 0x00000000a5380000, 0x00000000e0000000)
  object space 85504K, 81% used [0x00000000a0000000,0x00000000a4410558,0x00000000a5380000)
 Metaspace       used 88412K, capacity 92186K, committed 92312K, reserved 1130496K
  class space    used 11420K, capacity 12134K, committed 12200K, reserved 1048576K
GC Heap History (10 events):
Event: 4111.820 GC heap after
Heap after GC invocations=47 (full 3):
 PSYoungGen      total 142336K, used 2322K [0x00000000e0000000, 0x00000000e9f80000, 0x0000000100000000)
  eden space 125440K, 0% used [0x00000000e0000000,0x00000000e0000000,0x00000000e7a80000)
  from space 16896K, 13% used [0x00000000e8a80000,0x00000000e8cc48d0,0x00000000e9b00000)
  to   space 16384K, 0% used [0x00000000e7a80000,0x00000000e7a80000,0x00000000e8a80000)
 ParOldGen       total 85504K, used 56849K [0x00000000a0000000, 0x00000000a5380000, 0x00000000e0000000)
  object space 85504K, 66% used [0x00000000a0000000,0x00000000a3784608,0x00000000a5380000)
 Metaspace       used 88072K, capacity 91906K, committed 92056K, reserved 1128448K
  class space    used 11398K, capacity 12122K, committed 12200K, reserved 1048576K
}
Event: 4113.706 GC heap before
{Heap before GC invocations=48 (full 3):
 PSYoungGen      total 142336K, used 127762K [0x00000000e0000000, 0x00000000e9f80000, 0x0000000100000000)
  eden space 125440K, 100% used [0x00000000e0000000,0x00000000e7a80000,0x00000000e7a80000)
  from space 16896K, 13% used [0x00000000e8a80000,0x00000000e8cc48d0,0x00000000e9b00000)
  to   space 16384K, 0% used [0x00000000e7a80000,0x00000000e7a80000,0x00000000e8a80000)
 ParOldGen       total 85504K, used 56851K [0x00000000a0000000, 0x00000000a5380000, 0x00000000e0000000)
  object space 85504K, 66% used [0x00000000a0000000,0x00000000a3784d58,0x00000000a5380000)
 Metaspace       used 88340K, capacity 92168K, committed 92312K, reserved 1130496K
  class space    used 11416K, capacity 12131K, committed 12200K, reserved 1048576K
Event: 4113.803 GC heap after
Heap after GC invocations=48 (full 3):
 PSYoungGen      total 141824K, used 7757K [0x00000000e0000000, 0x00000000ead80000, 0x0000000100000000)
  eden space 125440K, 0% used [0x00000000e0000000,0x00000000e0000000,0x00000000e7a80000)
  from space 16384K, 47% used [0x00000000e7a80000,0x00000000e82135f8,0x00000000e8a80000)
  to   space 15872K, 0% used [0x00000000e9e00000,0x00000000e9e00000,0x00000000ead80000)
 ParOldGen       total 85504K, used 57728K [0x00000000a0000000, 0x00000000a5380000, 0x00000000e0000000)
  object space 85504K, 67% used [0x00000000a0000000,0x00000000a38601d0,0x00000000a5380000)
 Metaspace       used 88340K, capacity 92168K, committed 92312K, reserved 1130496K
  class space    used 11416K, capacity 12131K, committed 12200K, reserved 1048576K
}
Event: 4127.552 GC heap before
{Heap before GC invocations=49 (full 3):
 PSYoungGen      total 141824K, used 133197K [0x00000000e0000000, 0x00000000ead80000, 0x0000000100000000)
  eden space 125440K, 100% used [0x00000000e0000000,0x00000000e7a80000,0x00000000e7a80000)
  from space 16384K, 47% used [0x00000000e7a80000,0x00000000e82135f8,0x00000000e8a80000)
  to   space 15872K, 0% used [0x00000000e9e00000,0x00000000e9e00000,0x00000000ead80000)
 ParOldGen       total 85504K, used 57728K [0x00000000a0000000, 0x00000000a5380000, 0x00000000e0000000)
  object space 85504K, 67% used [0x00000000a0000000,0x00000000a38601d0,0x00000000a5380000)
 Metaspace       used 88373K, capacity 92168K, committed 92312K, reserved 1130496K
  class space    used 11416K, capacity 12131K, committed 12200K, reserved 1048576K
Event: 4142.991 GC heap after
Heap after GC invocations=49 (full 3):
 PSYoungGen      total 161792K, used 1075K [0x00000000e0000000, 0x00000000eb280000, 0x0000000100000000)
  eden space 145920K, 0% used [0x00000000e0000000,0x00000000e0000000,0x00000000e8e80000)
  from space 15872K, 6% used [0x00000000e9e00000,0x00000000e9f0ce58,0x00000000ead80000)
  to   space 15872K, 0% used [0x00000000e8e80000,0x00000000e8e80000,0x00000000e9e00000)
 ParOldGen       total 85504K, used 64360K [0x00000000a0000000, 0x00000000a5380000, 0x00000000e0000000)
  object space 85504K, 75% used [0x00000000a0000000,0x00000000a3eda1e8,0x00000000a5380000)
 Metaspace       used 88373K, capacity 92168K, committed 92312K, reserved 1130496K
  class space    used 11416K, capacity 12131K, committed 12200K, reserved 1048576K
}
Event: 4290.547 GC heap before
{Heap before GC invocations=50 (full 3):
 PSYoungGen      total 161792K, used 146995K [0x00000000e0000000, 0x00000000eb280000, 0x0000000100000000)
  eden space 145920K, 100% used [0x00000000e0000000,0x00000000e8e80000,0x00000000e8e80000)
  from space 15872K, 6% used [0x00000000e9e00000,0x00000000e9f0ce58,0x00000000ead80000)
  to   space 15872K, 0% used [0x00000000e8e80000,0x00000000e8e80000,0x00000000e9e00000)
 ParOldGen       total 85504K, used 64360K [0x00000000a0000000, 0x00000000a5380000, 0x00000000e0000000)
  object space 85504K, 75% used [0x00000000a0000000,0x00000000a3eda1e8,0x00000000a5380000)
 Metaspace       used 88375K, capacity 92168K, committed 92312K, reserved 1130496K
  class space    used 11416K, capacity 12131K, committed 12200K, reserved 1048576K
Event: 4300.487 GC heap after
Heap after GC invocations=50 (full 3):
 PSYoungGen      total 161792K, used 2880K [0x00000000e0000000, 0x00000000ec900000, 0x0000000100000000)
  eden space 145920K, 0% used [0x00000000e0000000,0x00000000e0000000,0x00000000e8e80000)
  from space 15872K, 18% used [0x00000000e8e80000,0x00000000e9150020,0x00000000e9e00000)
  to   space 15360K, 0% used [0x00000000eba00000,0x00000000eba00000,0x00000000ec900000)
 ParOldGen       total 85504K, used 65364K [0x00000000a0000000, 0x00000000a5380000, 0x00000000e0000000)
  object space 85504K, 76% used [0x00000000a0000000,0x00000000a3fd5148,0x00000000a5380000)
 Metaspace       used 88375K, capacity 92168K, committed 92312K, reserved 1130496K
  class space    used 11416K, capacity 12131K, committed 12200K, reserved 1048576K
}
Event: 4365.585 GC heap before
{Heap before GC invocations=51 (full 3):
 PSYoungGen      total 161792K, used 148800K [0x00000000e0000000, 0x00000000ec900000, 0x0000000100000000)
  eden space 145920K, 100% used [0x00000000e0000000,0x00000000e8e80000,0x00000000e8e80000)
  from space 15872K, 18% used [0x00000000e8e80000,0x00000000e9150020,0x00000000e9e00000)
  to   space 15360K, 0% used [0x00000000eba00000,0x00000000eba00000,0x00000000ec900000)
 ParOldGen       total 85504K, used 65364K [0x00000000a0000000, 0x00000000a5380000, 0x00000000e0000000)
  object space 85504K, 76% used [0x00000000a0000000,0x00000000a3fd5148,0x00000000a5380000)
 Metaspace       used 88385K, capacity 92168K, committed 92312K, reserved 1130496K
  class space    used 11417K, capacity 12131K, committed 12200K, reserved 1048576K
Event: 4367.094 GC heap after
Heap after GC invocations=51 (full 3):
 PSYoungGen      total 187392K, used 2560K [0x00000000e0000000, 0x00000000ec700000, 0x0000000100000000)
  eden space 174080K, 0% used [0x00000000e0000000,0x00000000e0000000,0x00000000eaa00000)
  from space 13312K, 19% used [0x00000000eba00000,0x00000000ebc80000,0x00000000ec700000)
  to   space 14848K, 0% used [0x00000000eaa00000,0x00000000eaa00000,0x00000000eb880000)
 ParOldGen       total 85504K, used 67716K [0x00000000a0000000, 0x00000000a5380000, 0x00000000e0000000)
  object space 85504K, 79% used [0x00000000a0000000,0x00000000a4221178,0x00000000a5380000)
 Metaspace       used 88385K, capacity 92168K, committed 92312K, reserved 1130496K
  class space    used 11417K, capacity 12131K, committed 12200K, reserved 1048576K
}
Event: 4428.965 GC heap before
{Heap before GC invocations=52 (full 3):
 PSYoungGen      total 187392K, used 176640K [0x00000000e0000000, 0x00000000ec700000, 0x0000000100000000)
  eden space 174080K, 100% used [0x00000000e0000000,0x00000000eaa00000,0x00000000eaa00000)
  from space 13312K, 19% used [0x00000000eba00000,0x00000000ebc80000,0x00000000ec700000)
  to   space 14848K, 0% used [0x00000000eaa00000,0x00000000eaa00000,0x00000000eb880000)
 ParOldGen       total 85504K, used 67716K [0x00000000a0000000, 0x00000000a5380000, 0x00000000e0000000)
  object space 85504K, 79% used [0x00000000a0000000,0x00000000a4221178,0x00000000a5380000)
 Metaspace       used 88412K, capacity 92186K, committed 92312K, reserved 1130496K
  class space    used 11420K, capacity 12134K, committed 12200K, reserved 1048576K

